<?xml version="1.0" encoding="UTF-8"?>
<!-- Generated by org.testng.reporters.JUnitReportReporter -->
<testsuite skipped="0" hostname="DESKTOP-NSG04EO" name="mavenProjejct.mavenPractice.TestNGTest" tests="2" failures="0" timestamp="22 Nov 2016 09:26:41 GMT" time="12.337" errors="0">
  <testcase name="test2" time="6.901" classname="mavenProjejct.mavenPractice.TestNGTest"/>
  <testcase name="test1" time="5.436" classname="mavenProjejct.mavenPractice.TestNGTest"/>
</testsuite> <!-- mavenProjejct.mavenPractice.TestNGTest -->
